<?xml version="1.0" encoding="UTF-8"?>
<!-- Generated by org.testng.reporters.JUnitReportReporter -->
<testsuite hostname="MohanChantada" failures="0" tests="1" name="tests.motorolaExercise" time="52.466" errors="0" timestamp="2021-08-26T08:19:38 BST" skipped="0">
  <testcase classname="tests.motorolaExercise" name="test" time="52.466"/>
  <system-out/>
</testsuite> <!-- tests.motorolaExercise -->
